[0.341s] DEBUG:colcon:Command line arguments: ['/usr/bin/colcon', 'build']
[0.341s] DEBUG:colcon:Parsed command line arguments: Namespace(log_base=None, log_level=None, verb_name='build', build_base='build', install_base='install', merge_install=False, symlink_install=False, test_result_base=None, continue_on_error=False, executor='parallel', parallel_workers=12, event_handlers=None, ignore_user_meta=False, metas=['./colcon.meta'], base_paths=['.'], packages_ignore=None, packages_ignore_regex=None, paths=None, packages_up_to=None, packages_up_to_regex=None, packages_above=None, packages_above_and_dependencies=None, packages_above_depth=None, packages_select_by_dep=None, packages_skip_by_dep=None, packages_skip_up_to=None, packages_select_build_failed=False, packages_skip_build_finished=False, packages_select_test_failures=False, packages_skip_test_passed=False, packages_select=None, packages_skip=None, packages_select_regex=None, packages_skip_regex=None, packages_start=None, packages_end=None, allow_overriding=[], cmake_args=None, cmake_target=None, cmake_target_skip_unavailable=False, cmake_clean_cache=False, cmake_clean_first=False, cmake_force_configure=False, ament_cmake_args=None, catkin_cmake_args=None, catkin_skip_building_tests=False, verb_parser=<colcon_defaults.argument_parser.defaults.DefaultArgumentsDecorator object at 0x7f545c42f5e0>, verb_extension=<colcon_core.verb.build.BuildVerb object at 0x7f545c389960>, main=<bound method BuildVerb.main of <colcon_core.verb.build.BuildVerb object at 0x7f545c389960>>)
[0.379s] Level 1:colcon.colcon_core.package_discovery:discover_packages(colcon_meta) check parameters
[0.379s] Level 1:colcon.colcon_core.package_discovery:discover_packages(recursive) check parameters
[0.379s] Level 1:colcon.colcon_core.package_discovery:discover_packages(ignore) check parameters
[0.379s] Level 1:colcon.colcon_core.package_discovery:discover_packages(path) check parameters
[0.379s] Level 1:colcon.colcon_core.package_discovery:discover_packages(colcon_meta) discover
[0.379s] Level 1:colcon.colcon_core.package_discovery:discover_packages(recursive) discover
[0.380s] INFO:colcon.colcon_core.package_discovery:Crawling recursively for packages in '/home/miripablo/puzzle_ros'
[0.380s] Level 1:colcon.colcon_core.package_identification:_identify(.) by extensions ['ignore', 'ignore_ament_install']
[0.380s] Level 1:colcon.colcon_core.package_identification:_identify(.) by extension 'ignore'
[0.380s] Level 1:colcon.colcon_core.package_identification:_identify(.) by extension 'ignore_ament_install'
[0.380s] Level 1:colcon.colcon_core.package_identification:_identify(.) by extensions ['colcon_pkg']
[0.380s] Level 1:colcon.colcon_core.package_identification:_identify(.) by extension 'colcon_pkg'
[0.380s] Level 1:colcon.colcon_core.package_identification:_identify(.) by extensions ['colcon_meta']
[0.380s] Level 1:colcon.colcon_core.package_identification:_identify(.) by extension 'colcon_meta'
[0.380s] Level 1:colcon.colcon_core.package_identification:_identify(.) by extensions ['ros']
[0.380s] Level 1:colcon.colcon_core.package_identification:_identify(.) by extension 'ros'
[0.392s] Level 1:colcon.colcon_core.package_identification:_identify(.) by extensions ['cmake', 'python']
[0.392s] Level 1:colcon.colcon_core.package_identification:_identify(.) by extension 'cmake'
[0.392s] Level 1:colcon.colcon_core.package_identification:_identify(.) by extension 'python'
[0.392s] Level 1:colcon.colcon_core.package_identification:_identify(.) by extensions ['python_setup_py']
[0.392s] Level 1:colcon.colcon_core.package_identification:_identify(.) by extension 'python_setup_py'
[0.392s] Level 1:colcon.colcon_core.package_identification:_identify(build) by extensions ['ignore', 'ignore_ament_install']
[0.392s] Level 1:colcon.colcon_core.package_identification:_identify(build) by extension 'ignore'
[0.392s] Level 1:colcon.colcon_core.package_identification:_identify(build) ignored
[0.392s] Level 1:colcon.colcon_core.package_identification:_identify(install) by extensions ['ignore', 'ignore_ament_install']
[0.392s] Level 1:colcon.colcon_core.package_identification:_identify(install) by extension 'ignore'
[0.392s] Level 1:colcon.colcon_core.package_identification:_identify(install) ignored
[0.392s] Level 1:colcon.colcon_core.package_identification:_identify(log) by extensions ['ignore', 'ignore_ament_install']
[0.392s] Level 1:colcon.colcon_core.package_identification:_identify(log) by extension 'ignore'
[0.392s] Level 1:colcon.colcon_core.package_identification:_identify(log) ignored
[0.393s] Level 1:colcon.colcon_core.package_identification:_identify(src) by extensions ['ignore', 'ignore_ament_install']
[0.393s] Level 1:colcon.colcon_core.package_identification:_identify(src) by extension 'ignore'
[0.393s] Level 1:colcon.colcon_core.package_identification:_identify(src) by extension 'ignore_ament_install'
[0.393s] Level 1:colcon.colcon_core.package_identification:_identify(src) by extensions ['colcon_pkg']
[0.393s] Level 1:colcon.colcon_core.package_identification:_identify(src) by extension 'colcon_pkg'
[0.393s] Level 1:colcon.colcon_core.package_identification:_identify(src) by extensions ['colcon_meta']
[0.393s] Level 1:colcon.colcon_core.package_identification:_identify(src) by extension 'colcon_meta'
[0.393s] Level 1:colcon.colcon_core.package_identification:_identify(src) by extensions ['ros']
[0.393s] Level 1:colcon.colcon_core.package_identification:_identify(src) by extension 'ros'
[0.393s] Level 1:colcon.colcon_core.package_identification:_identify(src) by extensions ['cmake', 'python']
[0.393s] Level 1:colcon.colcon_core.package_identification:_identify(src) by extension 'cmake'
[0.393s] Level 1:colcon.colcon_core.package_identification:_identify(src) by extension 'python'
[0.393s] Level 1:colcon.colcon_core.package_identification:_identify(src) by extensions ['python_setup_py']
[0.393s] Level 1:colcon.colcon_core.package_identification:_identify(src) by extension 'python_setup_py'
[0.393s] Level 1:colcon.colcon_core.package_identification:_identify(src/gui) by extensions ['ignore', 'ignore_ament_install']
[0.393s] Level 1:colcon.colcon_core.package_identification:_identify(src/gui) by extension 'ignore'
[0.393s] Level 1:colcon.colcon_core.package_identification:_identify(src/gui) by extension 'ignore_ament_install'
[0.393s] Level 1:colcon.colcon_core.package_identification:_identify(src/gui) by extensions ['colcon_pkg']
[0.393s] Level 1:colcon.colcon_core.package_identification:_identify(src/gui) by extension 'colcon_pkg'
[0.393s] Level 1:colcon.colcon_core.package_identification:_identify(src/gui) by extensions ['colcon_meta']
[0.393s] Level 1:colcon.colcon_core.package_identification:_identify(src/gui) by extension 'colcon_meta'
[0.393s] Level 1:colcon.colcon_core.package_identification:_identify(src/gui) by extensions ['ros']
[0.393s] Level 1:colcon.colcon_core.package_identification:_identify(src/gui) by extension 'ros'
[0.395s] DEBUG:colcon.colcon_core.package_identification:Package 'src/gui' with type 'ros.ament_cmake' and name 'gui'
[0.395s] Level 1:colcon.colcon_core.package_identification:_identify(src/planner) by extensions ['ignore', 'ignore_ament_install']
[0.395s] Level 1:colcon.colcon_core.package_identification:_identify(src/planner) by extension 'ignore'
[0.396s] Level 1:colcon.colcon_core.package_identification:_identify(src/planner) by extension 'ignore_ament_install'
[0.396s] Level 1:colcon.colcon_core.package_identification:_identify(src/planner) by extensions ['colcon_pkg']
[0.396s] Level 1:colcon.colcon_core.package_identification:_identify(src/planner) by extension 'colcon_pkg'
[0.396s] Level 1:colcon.colcon_core.package_identification:_identify(src/planner) by extensions ['colcon_meta']
[0.396s] Level 1:colcon.colcon_core.package_identification:_identify(src/planner) by extension 'colcon_meta'
[0.396s] Level 1:colcon.colcon_core.package_identification:_identify(src/planner) by extensions ['ros']
[0.396s] Level 1:colcon.colcon_core.package_identification:_identify(src/planner) by extension 'ros'
[0.396s] DEBUG:colcon.colcon_core.package_identification:Package 'src/planner' with type 'ros.ament_cmake' and name 'planner'
[0.396s] Level 1:colcon.colcon_core.package_identification:_identify(src/vision) by extensions ['ignore', 'ignore_ament_install']
[0.396s] Level 1:colcon.colcon_core.package_identification:_identify(src/vision) by extension 'ignore'
[0.396s] Level 1:colcon.colcon_core.package_identification:_identify(src/vision) by extension 'ignore_ament_install'
[0.396s] Level 1:colcon.colcon_core.package_identification:_identify(src/vision) by extensions ['colcon_pkg']
[0.396s] Level 1:colcon.colcon_core.package_identification:_identify(src/vision) by extension 'colcon_pkg'
[0.396s] Level 1:colcon.colcon_core.package_identification:_identify(src/vision) by extensions ['colcon_meta']
[0.396s] Level 1:colcon.colcon_core.package_identification:_identify(src/vision) by extension 'colcon_meta'
[0.396s] Level 1:colcon.colcon_core.package_identification:_identify(src/vision) by extensions ['ros']
[0.396s] Level 1:colcon.colcon_core.package_identification:_identify(src/vision) by extension 'ros'
[0.396s] DEBUG:colcon.colcon_core.package_identification:Package 'src/vision' with type 'ros.ament_cmake' and name 'vision'
[0.396s] Level 1:colcon.colcon_core.package_discovery:discover_packages(recursive) using defaults
[0.397s] Level 1:colcon.colcon_core.package_discovery:discover_packages(ignore) discover
[0.397s] Level 1:colcon.colcon_core.package_discovery:discover_packages(ignore) using defaults
[0.397s] Level 1:colcon.colcon_core.package_discovery:discover_packages(path) discover
[0.397s] Level 1:colcon.colcon_core.package_discovery:discover_packages(path) using defaults
[0.412s] Level 1:colcon.colcon_core.package_discovery:discover_packages(prefix_path) check parameters
[0.412s] Level 1:colcon.colcon_core.package_discovery:discover_packages(prefix_path) discover
[0.414s] DEBUG:colcon.colcon_installed_package_information.package_discovery:Found 270 installed packages in /opt/ros/humble
[0.415s] Level 1:colcon.colcon_core.package_discovery:discover_packages(prefix_path) using defaults
[0.449s] Level 5:colcon.colcon_core.verb:set package 'gui' build argument 'cmake_args' from command line to 'None'
[0.449s] Level 5:colcon.colcon_core.verb:set package 'gui' build argument 'cmake_target' from command line to 'None'
[0.449s] Level 5:colcon.colcon_core.verb:set package 'gui' build argument 'cmake_target_skip_unavailable' from command line to 'False'
[0.449s] Level 5:colcon.colcon_core.verb:set package 'gui' build argument 'cmake_clean_cache' from command line to 'False'
[0.449s] Level 5:colcon.colcon_core.verb:set package 'gui' build argument 'cmake_clean_first' from command line to 'False'
[0.449s] Level 5:colcon.colcon_core.verb:set package 'gui' build argument 'cmake_force_configure' from command line to 'False'
[0.449s] Level 5:colcon.colcon_core.verb:set package 'gui' build argument 'ament_cmake_args' from command line to 'None'
[0.449s] Level 5:colcon.colcon_core.verb:set package 'gui' build argument 'catkin_cmake_args' from command line to 'None'
[0.449s] Level 5:colcon.colcon_core.verb:set package 'gui' build argument 'catkin_skip_building_tests' from command line to 'False'
[0.449s] DEBUG:colcon.colcon_core.verb:Building package 'gui' with the following arguments: {'ament_cmake_args': None, 'build_base': '/home/miripablo/puzzle_ros/build/gui', 'catkin_cmake_args': None, 'catkin_skip_building_tests': False, 'cmake_args': None, 'cmake_clean_cache': False, 'cmake_clean_first': False, 'cmake_force_configure': False, 'cmake_target': None, 'cmake_target_skip_unavailable': False, 'install_base': '/home/miripablo/puzzle_ros/install/gui', 'merge_install': False, 'path': '/home/miripablo/puzzle_ros/src/gui', 'symlink_install': False, 'test_result_base': None}
[0.450s] Level 5:colcon.colcon_core.verb:set package 'planner' build argument 'cmake_args' from command line to 'None'
[0.450s] Level 5:colcon.colcon_core.verb:set package 'planner' build argument 'cmake_target' from command line to 'None'
[0.450s] Level 5:colcon.colcon_core.verb:set package 'planner' build argument 'cmake_target_skip_unavailable' from command line to 'False'
[0.450s] Level 5:colcon.colcon_core.verb:set package 'planner' build argument 'cmake_clean_cache' from command line to 'False'
[0.450s] Level 5:colcon.colcon_core.verb:set package 'planner' build argument 'cmake_clean_first' from command line to 'False'
[0.450s] Level 5:colcon.colcon_core.verb:set package 'planner' build argument 'cmake_force_configure' from command line to 'False'
[0.450s] Level 5:colcon.colcon_core.verb:set package 'planner' build argument 'ament_cmake_args' from command line to 'None'
[0.450s] Level 5:colcon.colcon_core.verb:set package 'planner' build argument 'catkin_cmake_args' from command line to 'None'
[0.450s] Level 5:colcon.colcon_core.verb:set package 'planner' build argument 'catkin_skip_building_tests' from command line to 'False'
[0.450s] DEBUG:colcon.colcon_core.verb:Building package 'planner' with the following arguments: {'ament_cmake_args': None, 'build_base': '/home/miripablo/puzzle_ros/build/planner', 'catkin_cmake_args': None, 'catkin_skip_building_tests': False, 'cmake_args': None, 'cmake_clean_cache': False, 'cmake_clean_first': False, 'cmake_force_configure': False, 'cmake_target': None, 'cmake_target_skip_unavailable': False, 'install_base': '/home/miripablo/puzzle_ros/install/planner', 'merge_install': False, 'path': '/home/miripablo/puzzle_ros/src/planner', 'symlink_install': False, 'test_result_base': None}
[0.451s] Level 5:colcon.colcon_core.verb:set package 'vision' build argument 'cmake_args' from command line to 'None'
[0.451s] Level 5:colcon.colcon_core.verb:set package 'vision' build argument 'cmake_target' from command line to 'None'
[0.451s] Level 5:colcon.colcon_core.verb:set package 'vision' build argument 'cmake_target_skip_unavailable' from command line to 'False'
[0.451s] Level 5:colcon.colcon_core.verb:set package 'vision' build argument 'cmake_clean_cache' from command line to 'False'
[0.451s] Level 5:colcon.colcon_core.verb:set package 'vision' build argument 'cmake_clean_first' from command line to 'False'
[0.451s] Level 5:colcon.colcon_core.verb:set package 'vision' build argument 'cmake_force_configure' from command line to 'False'
[0.451s] Level 5:colcon.colcon_core.verb:set package 'vision' build argument 'ament_cmake_args' from command line to 'None'
[0.451s] Level 5:colcon.colcon_core.verb:set package 'vision' build argument 'catkin_cmake_args' from command line to 'None'
[0.451s] Level 5:colcon.colcon_core.verb:set package 'vision' build argument 'catkin_skip_building_tests' from command line to 'False'
[0.451s] DEBUG:colcon.colcon_core.verb:Building package 'vision' with the following arguments: {'ament_cmake_args': None, 'build_base': '/home/miripablo/puzzle_ros/build/vision', 'catkin_cmake_args': None, 'catkin_skip_building_tests': False, 'cmake_args': None, 'cmake_clean_cache': False, 'cmake_clean_first': False, 'cmake_force_configure': False, 'cmake_target': None, 'cmake_target_skip_unavailable': False, 'install_base': '/home/miripablo/puzzle_ros/install/vision', 'merge_install': False, 'path': '/home/miripablo/puzzle_ros/src/vision', 'symlink_install': False, 'test_result_base': None}
[0.451s] INFO:colcon.colcon_core.executor:Executing jobs using 'parallel' executor
[0.453s] DEBUG:colcon.colcon_parallel_executor.executor.parallel:run_until_complete
[0.453s] INFO:colcon.colcon_ros.task.ament_cmake.build:Building ROS package in '/home/miripablo/puzzle_ros/src/gui' with build type 'ament_cmake'
[0.453s] INFO:colcon.colcon_cmake.task.cmake.build:Building CMake package in '/home/miripablo/puzzle_ros/src/gui'
[0.456s] INFO:colcon.colcon_core.plugin_system:Skipping extension 'colcon_core.shell.bat': Not used on non-Windows systems
[0.456s] INFO:colcon.colcon_core.shell:Skip shell extension 'powershell' for command environment: Not usable outside of PowerShell
[0.456s] DEBUG:colcon.colcon_core.shell:Skip shell extension 'dsv' for command environment
[0.458s] INFO:colcon.colcon_ros.task.ament_cmake.build:Building ROS package in '/home/miripablo/puzzle_ros/src/planner' with build type 'ament_cmake'
[0.458s] INFO:colcon.colcon_cmake.task.cmake.build:Building CMake package in '/home/miripablo/puzzle_ros/src/planner'
[0.459s] INFO:colcon.colcon_core.shell:Skip shell extension 'powershell' for command environment: Not usable outside of PowerShell
[0.459s] DEBUG:colcon.colcon_core.shell:Skip shell extension 'dsv' for command environment
[0.460s] INFO:colcon.colcon_ros.task.ament_cmake.build:Building ROS package in '/home/miripablo/puzzle_ros/src/vision' with build type 'ament_cmake'
[0.460s] INFO:colcon.colcon_cmake.task.cmake.build:Building CMake package in '/home/miripablo/puzzle_ros/src/vision'
[0.461s] INFO:colcon.colcon_core.shell:Skip shell extension 'powershell' for command environment: Not usable outside of PowerShell
[0.461s] DEBUG:colcon.colcon_core.shell:Skip shell extension 'dsv' for command environment
[0.464s] DEBUG:colcon.colcon_core.event_handler.log_command:Invoking command in '/home/miripablo/puzzle_ros/build/gui': CMAKE_PREFIX_PATH=/opt/ros/humble /usr/bin/cmake /home/miripablo/puzzle_ros/src/gui -DCMAKE_INSTALL_PREFIX=/home/miripablo/puzzle_ros/install/gui
[0.468s] DEBUG:colcon.colcon_core.event_handler.log_command:Invoking command in '/home/miripablo/puzzle_ros/build/planner': CMAKE_PREFIX_PATH=/opt/ros/humble /usr/bin/cmake /home/miripablo/puzzle_ros/src/planner -DCMAKE_INSTALL_PREFIX=/home/miripablo/puzzle_ros/install/planner
[0.469s] DEBUG:colcon.colcon_core.event_handler.log_command:Invoking command in '/home/miripablo/puzzle_ros/build/vision': CMAKE_PREFIX_PATH=/opt/ros/humble /usr/bin/cmake /home/miripablo/puzzle_ros/src/vision -DCMAKE_INSTALL_PREFIX=/home/miripablo/puzzle_ros/install/vision
[1.070s] DEBUG:colcon.colcon_core.event_handler.log_command:Invoked command in '/home/miripablo/puzzle_ros/build/gui' returned '0': CMAKE_PREFIX_PATH=/opt/ros/humble /usr/bin/cmake /home/miripablo/puzzle_ros/src/gui -DCMAKE_INSTALL_PREFIX=/home/miripablo/puzzle_ros/install/gui
[1.071s] DEBUG:colcon.colcon_core.event_handler.log_command:Invoking command in '/home/miripablo/puzzle_ros/build/gui': CMAKE_PREFIX_PATH=/opt/ros/humble /usr/bin/cmake --build /home/miripablo/puzzle_ros/build/gui -- -j12 -l12
[1.071s] DEBUG:colcon.colcon_core.event_handler.log_command:Invoked command in '/home/miripablo/puzzle_ros/build/vision' returned '0': CMAKE_PREFIX_PATH=/opt/ros/humble /usr/bin/cmake /home/miripablo/puzzle_ros/src/vision -DCMAKE_INSTALL_PREFIX=/home/miripablo/puzzle_ros/install/vision
[1.072s] DEBUG:colcon.colcon_core.event_handler.log_command:Invoking command in '/home/miripablo/puzzle_ros/build/vision': CMAKE_PREFIX_PATH=/opt/ros/humble /usr/bin/cmake --build /home/miripablo/puzzle_ros/build/vision -- -j12 -l12
[1.072s] DEBUG:colcon.colcon_core.event_handler.log_command:Invoked command in '/home/miripablo/puzzle_ros/build/planner' returned '0': CMAKE_PREFIX_PATH=/opt/ros/humble /usr/bin/cmake /home/miripablo/puzzle_ros/src/planner -DCMAKE_INSTALL_PREFIX=/home/miripablo/puzzle_ros/install/planner
[1.073s] DEBUG:colcon.colcon_core.event_handler.log_command:Invoking command in '/home/miripablo/puzzle_ros/build/planner': CMAKE_PREFIX_PATH=/opt/ros/humble /usr/bin/cmake --build /home/miripablo/puzzle_ros/build/planner -- -j12 -l12
[1.149s] DEBUG:colcon.colcon_core.event_handler.log_command:Invoked command in '/home/miripablo/puzzle_ros/build/gui' returned '0': CMAKE_PREFIX_PATH=/opt/ros/humble /usr/bin/cmake --build /home/miripablo/puzzle_ros/build/gui -- -j12 -l12
[1.150s] DEBUG:colcon.colcon_core.event_handler.log_command:Invoked command in '/home/miripablo/puzzle_ros/build/vision' returned '0': CMAKE_PREFIX_PATH=/opt/ros/humble /usr/bin/cmake --build /home/miripablo/puzzle_ros/build/vision -- -j12 -l12
[1.150s] DEBUG:colcon.colcon_core.event_handler.log_command:Invoked command in '/home/miripablo/puzzle_ros/build/planner' returned '0': CMAKE_PREFIX_PATH=/opt/ros/humble /usr/bin/cmake --build /home/miripablo/puzzle_ros/build/planner -- -j12 -l12
[1.162s] DEBUG:colcon.colcon_core.event_handler.log_command:Invoking command in '/home/miripablo/puzzle_ros/build/gui': CMAKE_PREFIX_PATH=/opt/ros/humble /usr/bin/cmake --install /home/miripablo/puzzle_ros/build/gui
[1.163s] DEBUG:colcon.colcon_core.event_handler.log_command:Invoking command in '/home/miripablo/puzzle_ros/build/vision': CMAKE_PREFIX_PATH=/opt/ros/humble /usr/bin/cmake --install /home/miripablo/puzzle_ros/build/vision
[1.163s] DEBUG:colcon.colcon_core.event_handler.log_command:Invoking command in '/home/miripablo/puzzle_ros/build/planner': CMAKE_PREFIX_PATH=/opt/ros/humble /usr/bin/cmake --install /home/miripablo/puzzle_ros/build/planner
[1.166s] Level 1:colcon.colcon_core.environment:create_environment_scripts_only(gui)
[1.167s] DEBUG:colcon.colcon_core.event_handler.log_command:Invoked command in '/home/miripablo/puzzle_ros/build/gui' returned '0': CMAKE_PREFIX_PATH=/opt/ros/humble /usr/bin/cmake --install /home/miripablo/puzzle_ros/build/gui
[1.171s] Level 1:colcon.colcon_core.environment:checking '/home/miripablo/puzzle_ros/install/gui' for CMake module files
[1.171s] Level 1:colcon.colcon_core.environment:checking '/home/miripablo/puzzle_ros/install/gui' for CMake config files
[1.171s] Level 1:colcon.colcon_core.shell:create_environment_hook('gui', 'cmake_prefix_path')
[1.172s] INFO:colcon.colcon_core.shell:Creating environment hook '/home/miripablo/puzzle_ros/install/gui/share/gui/hook/cmake_prefix_path.ps1'
[1.172s] INFO:colcon.colcon_core.shell:Creating environment descriptor '/home/miripablo/puzzle_ros/install/gui/share/gui/hook/cmake_prefix_path.dsv'
[1.172s] INFO:colcon.colcon_core.shell:Creating environment hook '/home/miripablo/puzzle_ros/install/gui/share/gui/hook/cmake_prefix_path.sh'
[1.173s] Level 1:colcon.colcon_core.environment:checking '/home/miripablo/puzzle_ros/install/gui/lib'
[1.173s] Level 1:colcon.colcon_core.environment:checking '/home/miripablo/puzzle_ros/install/gui/bin'
[1.173s] Level 1:colcon.colcon_core.environment:checking '/home/miripablo/puzzle_ros/install/gui/lib/pkgconfig/gui.pc'
[1.173s] Level 1:colcon.colcon_core.environment:checking '/home/miripablo/puzzle_ros/install/gui/lib/python3.10/site-packages'
[1.173s] Level 1:colcon.colcon_core.environment:checking '/home/miripablo/puzzle_ros/install/gui/bin'
[1.174s] INFO:colcon.colcon_core.shell:Creating package script '/home/miripablo/puzzle_ros/install/gui/share/gui/package.ps1'
[1.174s] INFO:colcon.colcon_core.shell:Creating package descriptor '/home/miripablo/puzzle_ros/install/gui/share/gui/package.dsv'
[1.175s] INFO:colcon.colcon_core.shell:Creating package script '/home/miripablo/puzzle_ros/install/gui/share/gui/package.sh'
[1.175s] INFO:colcon.colcon_core.shell:Creating package script '/home/miripablo/puzzle_ros/install/gui/share/gui/package.bash'
[1.175s] INFO:colcon.colcon_core.shell:Creating package script '/home/miripablo/puzzle_ros/install/gui/share/gui/package.zsh'
[1.176s] Level 1:colcon.colcon_core.environment:create_file_with_runtime_dependencies(/home/miripablo/puzzle_ros/install/gui/share/colcon-core/packages/gui)
[1.177s] Level 1:colcon.colcon_core.environment:create_environment_scripts_only(planner)
[1.178s] Level 1:colcon.colcon_core.environment:checking '/home/miripablo/puzzle_ros/install/planner' for CMake module files
[1.178s] DEBUG:colcon.colcon_core.event_handler.log_command:Invoked command in '/home/miripablo/puzzle_ros/build/planner' returned '0': CMAKE_PREFIX_PATH=/opt/ros/humble /usr/bin/cmake --install /home/miripablo/puzzle_ros/build/planner
[1.178s] Level 1:colcon.colcon_core.environment:checking '/home/miripablo/puzzle_ros/install/planner' for CMake config files
[1.178s] Level 1:colcon.colcon_core.shell:create_environment_hook('planner', 'cmake_prefix_path')
[1.179s] INFO:colcon.colcon_core.shell:Creating environment hook '/home/miripablo/puzzle_ros/install/planner/share/planner/hook/cmake_prefix_path.ps1'
[1.179s] INFO:colcon.colcon_core.shell:Creating environment descriptor '/home/miripablo/puzzle_ros/install/planner/share/planner/hook/cmake_prefix_path.dsv'
[1.179s] INFO:colcon.colcon_core.shell:Creating environment hook '/home/miripablo/puzzle_ros/install/planner/share/planner/hook/cmake_prefix_path.sh'
[1.180s] Level 1:colcon.colcon_core.environment:checking '/home/miripablo/puzzle_ros/install/planner/lib'
[1.180s] Level 1:colcon.colcon_core.environment:checking '/home/miripablo/puzzle_ros/install/planner/bin'
[1.180s] Level 1:colcon.colcon_core.environment:checking '/home/miripablo/puzzle_ros/install/planner/lib/pkgconfig/planner.pc'
[1.180s] Level 1:colcon.colcon_core.environment:checking '/home/miripablo/puzzle_ros/install/planner/lib/python3.10/site-packages'
[1.180s] Level 1:colcon.colcon_core.environment:checking '/home/miripablo/puzzle_ros/install/planner/bin'
[1.181s] INFO:colcon.colcon_core.shell:Creating package script '/home/miripablo/puzzle_ros/install/planner/share/planner/package.ps1'
[1.181s] INFO:colcon.colcon_core.shell:Creating package descriptor '/home/miripablo/puzzle_ros/install/planner/share/planner/package.dsv'
[1.181s] INFO:colcon.colcon_core.shell:Creating package script '/home/miripablo/puzzle_ros/install/planner/share/planner/package.sh'
[1.181s] INFO:colcon.colcon_core.shell:Creating package script '/home/miripablo/puzzle_ros/install/planner/share/planner/package.bash'
[1.181s] INFO:colcon.colcon_core.shell:Creating package script '/home/miripablo/puzzle_ros/install/planner/share/planner/package.zsh'
[1.182s] Level 1:colcon.colcon_core.environment:create_file_with_runtime_dependencies(/home/miripablo/puzzle_ros/install/planner/share/colcon-core/packages/planner)
[1.182s] Level 1:colcon.colcon_core.environment:create_environment_scripts_only(vision)
[1.183s] Level 1:colcon.colcon_core.environment:checking '/home/miripablo/puzzle_ros/install/vision' for CMake module files
[1.183s] DEBUG:colcon.colcon_core.event_handler.log_command:Invoked command in '/home/miripablo/puzzle_ros/build/vision' returned '0': CMAKE_PREFIX_PATH=/opt/ros/humble /usr/bin/cmake --install /home/miripablo/puzzle_ros/build/vision
[1.183s] Level 1:colcon.colcon_core.environment:checking '/home/miripablo/puzzle_ros/install/vision' for CMake config files
[1.184s] Level 1:colcon.colcon_core.shell:create_environment_hook('vision', 'cmake_prefix_path')
[1.184s] INFO:colcon.colcon_core.shell:Creating environment hook '/home/miripablo/puzzle_ros/install/vision/share/vision/hook/cmake_prefix_path.ps1'
[1.185s] INFO:colcon.colcon_core.shell:Creating environment descriptor '/home/miripablo/puzzle_ros/install/vision/share/vision/hook/cmake_prefix_path.dsv'
[1.185s] INFO:colcon.colcon_core.shell:Creating environment hook '/home/miripablo/puzzle_ros/install/vision/share/vision/hook/cmake_prefix_path.sh'
[1.185s] Level 1:colcon.colcon_core.environment:checking '/home/miripablo/puzzle_ros/install/vision/lib'
[1.185s] Level 1:colcon.colcon_core.environment:checking '/home/miripablo/puzzle_ros/install/vision/bin'
[1.185s] Level 1:colcon.colcon_core.environment:checking '/home/miripablo/puzzle_ros/install/vision/lib/pkgconfig/vision.pc'
[1.185s] Level 1:colcon.colcon_core.environment:checking '/home/miripablo/puzzle_ros/install/vision/lib/python3.10/site-packages'
[1.185s] Level 1:colcon.colcon_core.environment:checking '/home/miripablo/puzzle_ros/install/vision/bin'
[1.186s] INFO:colcon.colcon_core.shell:Creating package script '/home/miripablo/puzzle_ros/install/vision/share/vision/package.ps1'
[1.186s] INFO:colcon.colcon_core.shell:Creating package descriptor '/home/miripablo/puzzle_ros/install/vision/share/vision/package.dsv'
[1.186s] INFO:colcon.colcon_core.shell:Creating package script '/home/miripablo/puzzle_ros/install/vision/share/vision/package.sh'
[1.187s] INFO:colcon.colcon_core.shell:Creating package script '/home/miripablo/puzzle_ros/install/vision/share/vision/package.bash'
[1.187s] INFO:colcon.colcon_core.shell:Creating package script '/home/miripablo/puzzle_ros/install/vision/share/vision/package.zsh'
[1.187s] Level 1:colcon.colcon_core.environment:create_file_with_runtime_dependencies(/home/miripablo/puzzle_ros/install/vision/share/colcon-core/packages/vision)
[1.188s] Level 1:colcon.colcon_core.environment:create_environment_scripts_only(gui)
[1.189s] Level 1:colcon.colcon_core.environment:checking '/home/miripablo/puzzle_ros/install/gui' for CMake module files
[1.190s] Level 1:colcon.colcon_core.environment:checking '/home/miripablo/puzzle_ros/install/gui' for CMake config files
[1.190s] Level 1:colcon.colcon_core.shell:create_environment_hook('gui', 'cmake_prefix_path')
[1.191s] INFO:colcon.colcon_core.shell:Creating environment hook '/home/miripablo/puzzle_ros/install/gui/share/gui/hook/cmake_prefix_path.ps1'
[1.191s] INFO:colcon.colcon_core.shell:Creating environment descriptor '/home/miripablo/puzzle_ros/install/gui/share/gui/hook/cmake_prefix_path.dsv'
[1.191s] INFO:colcon.colcon_core.shell:Creating environment hook '/home/miripablo/puzzle_ros/install/gui/share/gui/hook/cmake_prefix_path.sh'
[1.191s] Level 1:colcon.colcon_core.environment:checking '/home/miripablo/puzzle_ros/install/gui/lib'
[1.191s] Level 1:colcon.colcon_core.environment:checking '/home/miripablo/puzzle_ros/install/gui/bin'
[1.191s] Level 1:colcon.colcon_core.environment:checking '/home/miripablo/puzzle_ros/install/gui/lib/pkgconfig/gui.pc'
[1.191s] Level 1:colcon.colcon_core.environment:checking '/home/miripablo/puzzle_ros/install/gui/lib/python3.10/site-packages'
[1.192s] Level 1:colcon.colcon_core.environment:checking '/home/miripablo/puzzle_ros/install/gui/bin'
[1.192s] INFO:colcon.colcon_core.shell:Creating package script '/home/miripablo/puzzle_ros/install/gui/share/gui/package.ps1'
[1.193s] INFO:colcon.colcon_core.shell:Creating package descriptor '/home/miripablo/puzzle_ros/install/gui/share/gui/package.dsv'
[1.193s] INFO:colcon.colcon_core.shell:Creating package script '/home/miripablo/puzzle_ros/install/gui/share/gui/package.sh'
[1.193s] INFO:colcon.colcon_core.shell:Creating package script '/home/miripablo/puzzle_ros/install/gui/share/gui/package.bash'
[1.193s] INFO:colcon.colcon_core.shell:Creating package script '/home/miripablo/puzzle_ros/install/gui/share/gui/package.zsh'
[1.193s] Level 1:colcon.colcon_core.environment:create_file_with_runtime_dependencies(/home/miripablo/puzzle_ros/install/gui/share/colcon-core/packages/gui)
[1.194s] Level 1:colcon.colcon_core.environment:create_environment_scripts_only(planner)
[1.196s] Level 1:colcon.colcon_core.environment:checking '/home/miripablo/puzzle_ros/install/planner' for CMake module files
[1.196s] Level 1:colcon.colcon_core.environment:checking '/home/miripablo/puzzle_ros/install/planner' for CMake config files
[1.196s] Level 1:colcon.colcon_core.shell:create_environment_hook('planner', 'cmake_prefix_path')
[1.197s] INFO:colcon.colcon_core.shell:Creating environment hook '/home/miripablo/puzzle_ros/install/planner/share/planner/hook/cmake_prefix_path.ps1'
[1.197s] INFO:colcon.colcon_core.shell:Creating environment descriptor '/home/miripablo/puzzle_ros/install/planner/share/planner/hook/cmake_prefix_path.dsv'
[1.197s] INFO:colcon.colcon_core.shell:Creating environment hook '/home/miripablo/puzzle_ros/install/planner/share/planner/hook/cmake_prefix_path.sh'
[1.197s] Level 1:colcon.colcon_core.environment:checking '/home/miripablo/puzzle_ros/install/planner/lib'
[1.197s] Level 1:colcon.colcon_core.environment:checking '/home/miripablo/puzzle_ros/install/planner/bin'
[1.197s] Level 1:colcon.colcon_core.environment:checking '/home/miripablo/puzzle_ros/install/planner/lib/pkgconfig/planner.pc'
[1.197s] Level 1:colcon.colcon_core.environment:checking '/home/miripablo/puzzle_ros/install/planner/lib/python3.10/site-packages'
[1.198s] Level 1:colcon.colcon_core.environment:checking '/home/miripablo/puzzle_ros/install/planner/bin'
[1.198s] INFO:colcon.colcon_core.shell:Creating package script '/home/miripablo/puzzle_ros/install/planner/share/planner/package.ps1'
[1.199s] INFO:colcon.colcon_core.shell:Creating package descriptor '/home/miripablo/puzzle_ros/install/planner/share/planner/package.dsv'
[1.199s] INFO:colcon.colcon_core.shell:Creating package script '/home/miripablo/puzzle_ros/install/planner/share/planner/package.sh'
[1.199s] INFO:colcon.colcon_core.shell:Creating package script '/home/miripablo/puzzle_ros/install/planner/share/planner/package.bash'
[1.199s] INFO:colcon.colcon_core.shell:Creating package script '/home/miripablo/puzzle_ros/install/planner/share/planner/package.zsh'
[1.199s] Level 1:colcon.colcon_core.environment:create_file_with_runtime_dependencies(/home/miripablo/puzzle_ros/install/planner/share/colcon-core/packages/planner)
[1.200s] Level 1:colcon.colcon_core.environment:create_environment_scripts_only(vision)
[1.201s] Level 1:colcon.colcon_core.environment:checking '/home/miripablo/puzzle_ros/install/vision' for CMake module files
[1.202s] Level 1:colcon.colcon_core.environment:checking '/home/miripablo/puzzle_ros/install/vision' for CMake config files
[1.202s] Level 1:colcon.colcon_core.shell:create_environment_hook('vision', 'cmake_prefix_path')
[1.203s] INFO:colcon.colcon_core.shell:Creating environment hook '/home/miripablo/puzzle_ros/install/vision/share/vision/hook/cmake_prefix_path.ps1'
[1.203s] INFO:colcon.colcon_core.shell:Creating environment descriptor '/home/miripablo/puzzle_ros/install/vision/share/vision/hook/cmake_prefix_path.dsv'
[1.203s] INFO:colcon.colcon_core.shell:Creating environment hook '/home/miripablo/puzzle_ros/install/vision/share/vision/hook/cmake_prefix_path.sh'
[1.203s] Level 1:colcon.colcon_core.environment:checking '/home/miripablo/puzzle_ros/install/vision/lib'
[1.203s] Level 1:colcon.colcon_core.environment:checking '/home/miripablo/puzzle_ros/install/vision/bin'
[1.203s] Level 1:colcon.colcon_core.environment:checking '/home/miripablo/puzzle_ros/install/vision/lib/pkgconfig/vision.pc'
[1.203s] Level 1:colcon.colcon_core.environment:checking '/home/miripablo/puzzle_ros/install/vision/lib/python3.10/site-packages'
[1.203s] Level 1:colcon.colcon_core.environment:checking '/home/miripablo/puzzle_ros/install/vision/bin'
[1.204s] INFO:colcon.colcon_core.shell:Creating package script '/home/miripablo/puzzle_ros/install/vision/share/vision/package.ps1'
[1.204s] INFO:colcon.colcon_core.shell:Creating package descriptor '/home/miripablo/puzzle_ros/install/vision/share/vision/package.dsv'
[1.205s] INFO:colcon.colcon_core.shell:Creating package script '/home/miripablo/puzzle_ros/install/vision/share/vision/package.sh'
[1.205s] INFO:colcon.colcon_core.shell:Creating package script '/home/miripablo/puzzle_ros/install/vision/share/vision/package.bash'
[1.205s] INFO:colcon.colcon_core.shell:Creating package script '/home/miripablo/puzzle_ros/install/vision/share/vision/package.zsh'
[1.205s] Level 1:colcon.colcon_core.environment:create_file_with_runtime_dependencies(/home/miripablo/puzzle_ros/install/vision/share/colcon-core/packages/vision)
[1.205s] DEBUG:colcon.colcon_parallel_executor.executor.parallel:closing loop
[1.205s] DEBUG:colcon.colcon_parallel_executor.executor.parallel:loop closed
[1.206s] DEBUG:colcon.colcon_parallel_executor.executor.parallel:run_until_complete finished with '0'
[1.206s] DEBUG:colcon.colcon_core.event_reactor:joining thread
[1.209s] INFO:colcon.colcon_core.plugin_system:Skipping extension 'colcon_notification.desktop_notification.terminal_notifier': Not used on non-Darwin systems
[1.209s] INFO:colcon.colcon_core.plugin_system:Skipping extension 'colcon_notification.desktop_notification.win32': Not used on non-Windows systems
[1.209s] INFO:colcon.colcon_notification.desktop_notification:Sending desktop notification using 'notify2'
[1.223s] DEBUG:colcon.colcon_core.event_reactor:joined thread
[1.224s] INFO:colcon.colcon_core.shell:Creating prefix script '/home/miripablo/puzzle_ros/install/local_setup.ps1'
[1.224s] INFO:colcon.colcon_core.shell:Creating prefix util module '/home/miripablo/puzzle_ros/install/_local_setup_util_ps1.py'
[1.225s] INFO:colcon.colcon_core.shell:Creating prefix chain script '/home/miripablo/puzzle_ros/install/setup.ps1'
[1.225s] INFO:colcon.colcon_core.shell:Creating prefix script '/home/miripablo/puzzle_ros/install/local_setup.sh'
[1.226s] INFO:colcon.colcon_core.shell:Creating prefix util module '/home/miripablo/puzzle_ros/install/_local_setup_util_sh.py'
[1.226s] INFO:colcon.colcon_core.shell:Creating prefix chain script '/home/miripablo/puzzle_ros/install/setup.sh'
[1.227s] INFO:colcon.colcon_core.shell:Creating prefix script '/home/miripablo/puzzle_ros/install/local_setup.bash'
[1.227s] INFO:colcon.colcon_core.shell:Creating prefix chain script '/home/miripablo/puzzle_ros/install/setup.bash'
[1.227s] INFO:colcon.colcon_core.shell:Creating prefix script '/home/miripablo/puzzle_ros/install/local_setup.zsh'
[1.228s] INFO:colcon.colcon_core.shell:Creating prefix chain script '/home/miripablo/puzzle_ros/install/setup.zsh'
