[0.008s] Invoking command in '/home/miripablo/puzzle_ros/build/vision': CMAKE_PREFIX_PATH=/opt/ros/humble /usr/bin/cmake /home/miripablo/puzzle_ros/src/vision -DCMAKE_INSTALL_PREFIX=/home/miripablo/puzzle_ros/install/vision
[0.137s] -- The C compiler identification is GNU 11.3.0
[0.250s] -- The CXX compiler identification is GNU 11.3.0
[0.268s] -- Detecting C compiler ABI info
[0.306s] -- Detecting C compiler ABI info - done
[0.310s] -- Check for working C compiler: /usr/bin/cc - skipped
[0.311s] -- Detecting C compile features
[0.312s] -- Detecting C compile features - done
[0.317s] -- Detecting CXX compiler ABI info
[0.358s] -- Detecting CXX compiler ABI info - done
[0.363s] -- Check for working CXX compiler: /usr/bin/c++ - skipped
[0.363s] -- Detecting CXX compile features
[0.363s] -- Detecting CXX compile features - done
[0.370s] -- Found ament_cmake: 1.3.3 (/opt/ros/humble/share/ament_cmake/cmake)
[0.471s] -- Found Python3: /usr/bin/python3.10 (found version "3.10.6") found components: Interpreter 
[0.536s] -- Found ament_lint_auto: 0.12.5 (/opt/ros/humble/share/ament_lint_auto/cmake)
[0.599s] -- Added test 'cppcheck' to perform static code analysis on C / C++ code
[0.599s] -- Configured cppcheck include dirs: $<BUILD_INTERFACE:/home/miripablo/puzzle_ros/src/vision/include>
[0.599s] -- Configured cppcheck exclude dirs and/or files: 
[0.599s] -- Added test 'lint_cmake' to check CMake code style
[0.601s] -- Added test 'uncrustify' to check C / C++ code style
[0.601s] -- Configured uncrustify additional arguments: 
[0.602s] -- Added test 'xmllint' to check XML markup files
[0.603s] -- Configuring done
[0.605s] -- Generating done
[0.606s] -- Build files have been written to: /home/miripablo/puzzle_ros/build/vision
[0.611s] Invoked command in '/home/miripablo/puzzle_ros/build/vision' returned '0': CMAKE_PREFIX_PATH=/opt/ros/humble /usr/bin/cmake /home/miripablo/puzzle_ros/src/vision -DCMAKE_INSTALL_PREFIX=/home/miripablo/puzzle_ros/install/vision
[0.611s] Invoking command in '/home/miripablo/puzzle_ros/build/vision': CMAKE_PREFIX_PATH=/opt/ros/humble /usr/bin/cmake --build /home/miripablo/puzzle_ros/build/vision -- -j12 -l12
[0.630s] [ 50%] [32mBuilding CXX object CMakeFiles/vision.dir/src/vision.cpp.o[0m
[0.662s] [100%] [32m[1mLinking CXX executable vision[0m
[0.684s] [100%] Built target vision
[0.689s] Invoked command in '/home/miripablo/puzzle_ros/build/vision' returned '0': CMAKE_PREFIX_PATH=/opt/ros/humble /usr/bin/cmake --build /home/miripablo/puzzle_ros/build/vision -- -j12 -l12
[0.702s] Invoking command in '/home/miripablo/puzzle_ros/build/vision': CMAKE_PREFIX_PATH=/opt/ros/humble /usr/bin/cmake --install /home/miripablo/puzzle_ros/build/vision
[0.705s] -- Install configuration: ""
[0.705s] -- Installing: /home/miripablo/puzzle_ros/install/vision/lib/vision/vision
[0.705s] -- Installing: /home/miripablo/puzzle_ros/install/vision/share/ament_index/resource_index/package_run_dependencies/vision
[0.705s] -- Installing: /home/miripablo/puzzle_ros/install/vision/share/ament_index/resource_index/parent_prefix_path/vision
[0.705s] -- Installing: /home/miripablo/puzzle_ros/install/vision/share/vision/environment/ament_prefix_path.sh
[0.706s] -- Installing: /home/miripablo/puzzle_ros/install/vision/share/vision/environment/ament_prefix_path.dsv
[0.706s] -- Installing: /home/miripablo/puzzle_ros/install/vision/share/vision/environment/path.sh
[0.706s] -- Installing: /home/miripablo/puzzle_ros/install/vision/share/vision/environment/path.dsv
[0.706s] -- Installing: /home/miripablo/puzzle_ros/install/vision/share/vision/local_setup.bash
[0.707s] -- Installing: /home/miripablo/puzzle_ros/install/vision/share/vision/local_setup.sh
[0.707s] -- Installing: /home/miripablo/puzzle_ros/install/vision/share/vision/local_setup.zsh
[0.707s] -- Installing: /home/miripablo/puzzle_ros/install/vision/share/vision/local_setup.dsv
[0.707s] -- Installing: /home/miripablo/puzzle_ros/install/vision/share/vision/package.dsv
[0.707s] -- Installing: /home/miripablo/puzzle_ros/install/vision/share/ament_index/resource_index/packages/vision
[0.707s] -- Installing: /home/miripablo/puzzle_ros/install/vision/share/vision/cmake/visionConfig.cmake
[0.707s] -- Installing: /home/miripablo/puzzle_ros/install/vision/share/vision/cmake/visionConfig-version.cmake
[0.707s] -- Installing: /home/miripablo/puzzle_ros/install/vision/share/vision/package.xml
[0.723s] Invoked command in '/home/miripablo/puzzle_ros/build/vision' returned '0': CMAKE_PREFIX_PATH=/opt/ros/humble /usr/bin/cmake --install /home/miripablo/puzzle_ros/build/vision
