-- The C compiler identification is GNU 11.3.0
-- The CXX compiler identification is GNU 11.3.0
-- Detecting C compiler ABI info
-- Detecting C compiler ABI info - done
-- Check for working C compiler: /usr/bin/cc - skipped
-- Detecting C compile features
-- Detecting C compile features - done
-- Detecting CXX compiler ABI info
-- Detecting CXX compiler ABI info - done
-- Check for working CXX compiler: /usr/bin/c++ - skipped
-- Detecting CXX compile features
-- Detecting CXX compile features - done
-- Found ament_cmake: 1.3.3 (/opt/ros/humble/share/ament_cmake/cmake)
-- Found Python3: /usr/bin/python3.10 (found version "3.10.6") found components: Interpreter 
-- Found ament_lint_auto: 0.12.5 (/opt/ros/humble/share/ament_lint_auto/cmake)
-- Added test 'cppcheck' to perform static code analysis on C / C++ code
-- Configured cppcheck include dirs: $<BUILD_INTERFACE:/home/miripablo/puzzle_ros/src/gui/include>
-- Configured cppcheck exclude dirs and/or files: 
-- Added test 'lint_cmake' to check CMake code style
-- Added test 'uncrustify' to check C / C++ code style
-- Configured uncrustify additional arguments: 
-- Added test 'xmllint' to check XML markup files
-- Configuring done
-- Generating done
-- Build files have been written to: /home/miripablo/puzzle_ros/build/gui
[ 50%] [32mBuilding CXX object CMakeFiles/gui.dir/src/gui.cpp.o[0m
[100%] [32m[1mLinking CXX executable gui[0m
[100%] Built target gui
-- Install configuration: ""
-- Installing: /home/miripablo/puzzle_ros/install/gui/lib/gui/gui
-- Installing: /home/miripablo/puzzle_ros/install/gui/share/ament_index/resource_index/package_run_dependencies/gui
-- Installing: /home/miripablo/puzzle_ros/install/gui/share/ament_index/resource_index/parent_prefix_path/gui
-- Installing: /home/miripablo/puzzle_ros/install/gui/share/gui/environment/ament_prefix_path.sh
-- Installing: /home/miripablo/puzzle_ros/install/gui/share/gui/environment/ament_prefix_path.dsv
-- Installing: /home/miripablo/puzzle_ros/install/gui/share/gui/environment/path.sh
-- Installing: /home/miripablo/puzzle_ros/install/gui/share/gui/environment/path.dsv
-- Installing: /home/miripablo/puzzle_ros/install/gui/share/gui/local_setup.bash
-- Installing: /home/miripablo/puzzle_ros/install/gui/share/gui/local_setup.sh
-- Installing: /home/miripablo/puzzle_ros/install/gui/share/gui/local_setup.zsh
-- Installing: /home/miripablo/puzzle_ros/install/gui/share/gui/local_setup.dsv
-- Installing: /home/miripablo/puzzle_ros/install/gui/share/gui/package.dsv
-- Installing: /home/miripablo/puzzle_ros/install/gui/share/ament_index/resource_index/packages/gui
-- Installing: /home/miripablo/puzzle_ros/install/gui/share/gui/cmake/guiConfig.cmake
-- Installing: /home/miripablo/puzzle_ros/install/gui/share/gui/cmake/guiConfig-version.cmake
-- Installing: /home/miripablo/puzzle_ros/install/gui/share/gui/package.xml
