[0.010s] Invoking command in '/home/miripablo/puzzle_ros/build/gui': CMAKE_PREFIX_PATH=/opt/ros/humble /usr/bin/cmake /home/miripablo/puzzle_ros/src/gui -DCMAKE_INSTALL_PREFIX=/home/miripablo/puzzle_ros/install/gui
[0.142s] -- The C compiler identification is GNU 11.3.0
[0.256s] -- The CXX compiler identification is GNU 11.3.0
[0.274s] -- Detecting C compiler ABI info
[0.312s] -- Detecting C compiler ABI info - done
[0.317s] -- Check for working C compiler: /usr/bin/cc - skipped
[0.317s] -- Detecting C compile features
[0.319s] -- Detecting C compile features - done
[0.323s] -- Detecting CXX compiler ABI info
[0.365s] -- Detecting CXX compiler ABI info - done
[0.373s] -- Check for working CXX compiler: /usr/bin/c++ - skipped
[0.373s] -- Detecting CXX compile features
[0.374s] -- Detecting CXX compile features - done
[0.376s] -- Found ament_cmake: 1.3.3 (/opt/ros/humble/share/ament_cmake/cmake)
[0.477s] -- Found Python3: /usr/bin/python3.10 (found version "3.10.6") found components: Interpreter 
[0.542s] -- Found ament_lint_auto: 0.12.5 (/opt/ros/humble/share/ament_lint_auto/cmake)
[0.605s] -- Added test 'cppcheck' to perform static code analysis on C / C++ code
[0.605s] -- Configured cppcheck include dirs: $<BUILD_INTERFACE:/home/miripablo/puzzle_ros/src/gui/include>
[0.605s] -- Configured cppcheck exclude dirs and/or files: 
[0.606s] -- Added test 'lint_cmake' to check CMake code style
[0.608s] -- Added test 'uncrustify' to check C / C++ code style
[0.608s] -- Configured uncrustify additional arguments: 
[0.608s] -- Added test 'xmllint' to check XML markup files
[0.609s] -- Configuring done
[0.612s] -- Generating done
[0.612s] -- Build files have been written to: /home/miripablo/puzzle_ros/build/gui
[0.616s] Invoked command in '/home/miripablo/puzzle_ros/build/gui' returned '0': CMAKE_PREFIX_PATH=/opt/ros/humble /usr/bin/cmake /home/miripablo/puzzle_ros/src/gui -DCMAKE_INSTALL_PREFIX=/home/miripablo/puzzle_ros/install/gui
[0.617s] Invoking command in '/home/miripablo/puzzle_ros/build/gui': CMAKE_PREFIX_PATH=/opt/ros/humble /usr/bin/cmake --build /home/miripablo/puzzle_ros/build/gui -- -j12 -l12
[0.637s] [ 50%] [32mBuilding CXX object CMakeFiles/gui.dir/src/gui.cpp.o[0m
[0.669s] [100%] [32m[1mLinking CXX executable gui[0m
[0.691s] [100%] Built target gui
[0.695s] Invoked command in '/home/miripablo/puzzle_ros/build/gui' returned '0': CMAKE_PREFIX_PATH=/opt/ros/humble /usr/bin/cmake --build /home/miripablo/puzzle_ros/build/gui -- -j12 -l12
[0.708s] Invoking command in '/home/miripablo/puzzle_ros/build/gui': CMAKE_PREFIX_PATH=/opt/ros/humble /usr/bin/cmake --install /home/miripablo/puzzle_ros/build/gui
[0.710s] -- Install configuration: ""
[0.711s] -- Installing: /home/miripablo/puzzle_ros/install/gui/lib/gui/gui
[0.711s] -- Installing: /home/miripablo/puzzle_ros/install/gui/share/ament_index/resource_index/package_run_dependencies/gui
[0.711s] -- Installing: /home/miripablo/puzzle_ros/install/gui/share/ament_index/resource_index/parent_prefix_path/gui
[0.711s] -- Installing: /home/miripablo/puzzle_ros/install/gui/share/gui/environment/ament_prefix_path.sh
[0.711s] -- Installing: /home/miripablo/puzzle_ros/install/gui/share/gui/environment/ament_prefix_path.dsv
[0.711s] -- Installing: /home/miripablo/puzzle_ros/install/gui/share/gui/environment/path.sh
[0.711s] -- Installing: /home/miripablo/puzzle_ros/install/gui/share/gui/environment/path.dsv
[0.711s] -- Installing: /home/miripablo/puzzle_ros/install/gui/share/gui/local_setup.bash
[0.711s] -- Installing: /home/miripablo/puzzle_ros/install/gui/share/gui/local_setup.sh
[0.711s] -- Installing: /home/miripablo/puzzle_ros/install/gui/share/gui/local_setup.zsh
[0.711s] -- Installing: /home/miripablo/puzzle_ros/install/gui/share/gui/local_setup.dsv
[0.711s] -- Installing: /home/miripablo/puzzle_ros/install/gui/share/gui/package.dsv
[0.711s] -- Installing: /home/miripablo/puzzle_ros/install/gui/share/ament_index/resource_index/packages/gui
[0.712s] -- Installing: /home/miripablo/puzzle_ros/install/gui/share/gui/cmake/guiConfig.cmake
[0.712s] -- Installing: /home/miripablo/puzzle_ros/install/gui/share/gui/cmake/guiConfig-version.cmake
[0.712s] -- Installing: /home/miripablo/puzzle_ros/install/gui/share/gui/package.xml
[0.714s] Invoked command in '/home/miripablo/puzzle_ros/build/gui' returned '0': CMAKE_PREFIX_PATH=/opt/ros/humble /usr/bin/cmake --install /home/miripablo/puzzle_ros/build/gui
